# JRE version: Java(TM) SE Runtime Environment (8.0_391) (build 1.8.0_391-b13)
# Java VM: Java HotSpot(TM) 64-Bit Server VM (25.391-b13 mixed mode windows-amd64 compressed oops)
Heap:
 PSYoungGen      total 456704K, used 307140K [0x00000000d5580000, 0x00000000f9d00000, 0x0000000100000000)
  eden space 419328K, 64% used [0x00000000d5580000,0x00000000e5cf7430,0x00000000eef00000)
  from space 37376K, 99% used [0x00000000f2a80000,0x00000000f4ef9c70,0x00000000f4f00000)
  to   space 60928K, 0% used [0x00000000eef00000,0x00000000eef00000,0x00000000f2a80000)
 ParOldGen       total 404992K, used 125139K [0x0000000080000000, 0x0000000098b80000, 0x00000000d5580000)
  object space 404992K, 30% used [0x0000000080000000,0x0000000087a34d88,0x0000000098b80000)
 Metaspace       used 106979K, capacity 113738K, committed 114048K, reserved 1146880K
  class space    used 14389K, capacity 15673K, committed 15744K, reserved 1048576K
GC Heap History (10 events):
Event: 28.154 GC heap before
{Heap before GC invocations=14 (full 4):
 PSYoungGen      total 431104K, used 28855K [0x00000000d5580000, 0x00000000f2f00000, 0x0000000100000000)
  eden space 395264K, 0% used [0x00000000d5580000,0x00000000d5580000,0x00000000ed780000)
  from space 35840K, 80% used [0x00000000efd00000,0x00000000f192de68,0x00000000f2000000)
  to   space 38400K, 0% used [0x00000000ed780000,0x00000000ed780000,0x00000000efd00000)
 ParOldGen       total 282624K, used 45721K [0x0000000080000000, 0x0000000091400000, 0x00000000d5580000)
  object space 282624K, 16% used [0x0000000080000000,0x0000000082ca65c0,0x0000000091400000)
 Metaspace       used 92933K, capacity 98488K, committed 98560K, reserved 1134592K
  class space    used 12649K, capacity 13651K, committed 13696K, reserved 1048576K
Event: 28.252 GC heap after
Heap after GC invocations=14 (full 4):
 PSYoungGen      total 431104K, used 0K [0x00000000d5580000, 0x00000000f2f00000, 0x0000000100000000)
  eden space 395264K, 0% used [0x00000000d5580000,0x00000000d5580000,0x00000000ed780000)
  from space 35840K, 0% used [0x00000000efd00000,0x00000000efd00000,0x00000000f2000000)
  to   space 38400K, 0% used [0x00000000ed780000,0x00000000ed780000,0x00000000efd00000)
 ParOldGen       total 404992K, used 53715K [0x0000000080000000, 0x0000000098b80000, 0x00000000d5580000)
  object space 404992K, 13% used [0x0000000080000000,0x0000000083474ed8,0x0000000098b80000)
 Metaspace       used 92052K, capacity 95894K, committed 98560K, reserved 1134592K
  class space    used 12363K, capacity 13160K, committed 13696K, reserved 1048576K
}
Event: 77.483 GC heap before
{Heap before GC invocations=15 (full 4):
 PSYoungGen      total 431104K, used 395264K [0x00000000d5580000, 0x00000000f2f00000, 0x0000000100000000)
  eden space 395264K, 100% used [0x00000000d5580000,0x00000000ed780000,0x00000000ed780000)
  from space 35840K, 0% used [0x00000000efd00000,0x00000000efd00000,0x00000000f2000000)
  to   space 38400K, 0% used [0x00000000ed780000,0x00000000ed780000,0x00000000efd00000)
 ParOldGen       total 404992K, used 53715K [0x0000000080000000, 0x0000000098b80000, 0x00000000d5580000)
  object space 404992K, 13% used [0x0000000080000000,0x0000000083474ed8,0x0000000098b80000)
 Metaspace       used 94439K, capacity 99100K, committed 100352K, reserved 1136640K
  class space    used 12558K, capacity 13488K, committed 13824K, reserved 1048576K
Event: 77.491 GC heap after
Heap after GC invocations=15 (full 4):
 PSYoungGen      total 433664K, used 14200K [0x00000000d5580000, 0x00000000f4f00000, 0x0000000100000000)
  eden space 395264K, 0% used [0x00000000d5580000,0x00000000d5580000,0x00000000ed780000)
  from space 38400K, 36% used [0x00000000ed780000,0x00000000ee55e040,0x00000000efd00000)
  to   space 37376K, 0% used [0x00000000f2a80000,0x00000000f2a80000,0x00000000f4f00000)
 ParOldGen       total 404992K, used 53723K [0x0000000080000000, 0x0000000098b80000, 0x00000000d5580000)
  object space 404992K, 13% used [0x0000000080000000,0x0000000083476ed8,0x0000000098b80000)
 Metaspace       used 94439K, capacity 99100K, committed 100352K, reserved 1136640K
  class space    used 12558K, capacity 13488K, committed 13824K, reserved 1048576K
}
Event: 78.422 GC heap before
{Heap before GC invocations=16 (full 4):
 PSYoungGen      total 433664K, used 409464K [0x00000000d5580000, 0x00000000f4f00000, 0x0000000100000000)
  eden space 395264K, 100% used [0x00000000d5580000,0x00000000ed780000,0x00000000ed780000)
  from space 38400K, 36% used [0x00000000ed780000,0x00000000ee55e040,0x00000000efd00000)
  to   space 37376K, 0% used [0x00000000f2a80000,0x00000000f2a80000,0x00000000f4f00000)
 ParOldGen       total 404992K, used 53723K [0x0000000080000000, 0x0000000098b80000, 0x00000000d5580000)
  object space 404992K, 13% used [0x0000000080000000,0x0000000083476ed8,0x0000000098b80000)
 Metaspace       used 100825K, capacity 106434K, committed 106496K, reserved 1140736K
  class space    used 13480K, capacity 14545K, committed 14592K, reserved 1048576K
Event: 78.466 GC heap after
Heap after GC invocations=16 (full 4):
 PSYoungGen      total 456704K, used 37370K [0x00000000d5580000, 0x00000000f9d00000, 0x0000000100000000)
  eden space 419328K, 0% used [0x00000000d5580000,0x00000000d5580000,0x00000000eef00000)
  from space 37376K, 99% used [0x00000000f2a80000,0x00000000f4efe898,0x00000000f4f00000)
  to   space 60928K, 0% used [0x00000000eef00000,0x00000000eef00000,0x00000000f2a80000)
 ParOldGen       total 404992K, used 104042K [0x0000000080000000, 0x0000000098b80000, 0x00000000d5580000)
  object space 404992K, 25% used [0x0000000080000000,0x000000008659aa08,0x0000000098b80000)
 Metaspace       used 100825K, capacity 106434K, committed 106496K, reserved 1140736K
  class space    used 13480K, capacity 14545K, committed 14592K, reserved 1048576K
}
Event: 79.091 GC heap before
{Heap before GC invocations=17 (full 4):
 PSYoungGen      total 456704K, used 456698K [0x00000000d5580000, 0x00000000f9d00000, 0x0000000100000000)
  eden space 419328K, 100% used [0x00000000d5580000,0x00000000eef00000,0x00000000eef00000)
  from space 37376K, 99% used [0x00000000f2a80000,0x00000000f4efe898,0x00000000f4f00000)
  to   space 60928K, 0% used [0x00000000eef00000,0x00000000eef00000,0x00000000f2a80000)
 ParOldGen       total 404992K, used 104042K [0x0000000080000000, 0x0000000098b80000, 0x00000000d5580000)
  object space 404992K, 25% used [0x0000000080000000,0x000000008659aa08,0x0000000098b80000)
 Metaspace       used 106796K, capacity 113592K, committed 113792K, reserved 1146880K
  class space    used 14386K, capacity 15672K, committed 15744K, reserved 1048576K
Event: 79.130 GC heap after
Heap after GC invocations=17 (full 4):
 PSYoungGen      total 480256K, used 56590K [0x00000000d5580000, 0x00000000f9d00000, 0x0000000100000000)
  eden space 419328K, 0% used [0x00000000d5580000,0x00000000d5580000,0x00000000eef00000)
  from space 60928K, 92% used [0x00000000eef00000,0x00000000f26438e0,0x00000000f2a80000)
  to   space 37376K, 0% used [0x00000000f2a80000,0x00000000f2a80000,0x00000000f4f00000)
 ParOldGen       total 404992K, used 104050K [0x0000000080000000, 0x0000000098b80000, 0x00000000d5580000)
  object space 404992K, 25% used [0x0000000080000000,0x000000008659ca08,0x0000000098b80000)
 Metaspace       used 106796K, capacity 113592K, committed 113792K, reserved 1146880K
  class space    used 14386K, capacity 15672K, committed 15744K, reserved 1048576K
}
Event: 79.393 GC heap before
{Heap before GC invocations=18 (full 4):
 PSYoungGen      total 480256K, used 475918K [0x00000000d5580000, 0x00000000f9d00000, 0x0000000100000000)
  eden space 419328K, 100% used [0x00000000d5580000,0x00000000eef00000,0x00000000eef00000)
  from space 60928K, 92% used [0x00000000eef00000,0x00000000f26438e0,0x00000000f2a80000)
  to   space 37376K, 0% used [0x00000000f2a80000,0x00000000f2a80000,0x00000000f4f00000)
 ParOldGen       total 404992K, used 104050K [0x0000000080000000, 0x0000000098b80000, 0x00000000d5580000)
  object space 404992K, 25% used [0x0000000080000000,0x000000008659ca08,0x0000000098b80000)
 Metaspace       used 106944K, capacity 113664K, committed 113792K, reserved 1146880K
  class space    used 14388K, capacity 15672K, committed 15744K, reserved 1048576K
Event: 79.426 GC heap after
Heap after GC invocations=18 (full 4):
 PSYoungGen      total 456704K, used 37351K [0x00000000d5580000, 0x00000000f9d00000, 0x0000000100000000)
  eden space 419328K, 0% used [0x00000000d5580000,0x00000000d5580000,0x00000000eef00000)
  from space 37376K, 99% used [0x00000000f2a80000,0x00000000f4ef9c70,0x00000000f4f00000)
  to   space 60928K, 0% used [0x00000000eef00000,0x00000000eef00000,0x00000000f2a80000)
 ParOldGen       total 404992K, used 125139K [0x0000000080000000, 0x0000000098b80000, 0x00000000d5580000)
  object space 404992K, 30% used [0x0000000080000000,0x0000000087a34d88,0x0000000098b80000)
 Metaspace       used 106944K, capacity 113664K, committed 113792K, reserved 1146880K
  class space    used 14388K, capacity 15672K, committed 15744K, reserved 1048576K
}

