# JRE version: Java(TM) SE Runtime Environment (8.0_391) (build 1.8.0_391-b13)
# Java VM: Java HotSpot(TM) 64-Bit Server VM (25.391-b13 mixed mode windows-amd64 compressed oops)
Heap:
 PSYoungGen      total 436736K, used 390983K [0x00000000d5580000, 0x00000000fa180000, 0x0000000100000000)
  eden space 377344K, 93% used [0x00000000d5580000,0x00000000eac49df8,0x00000000ec600000)
  from space 59392K, 67% used [0x00000000ec600000,0x00000000eed07fa0,0x00000000f0000000)
  to   space 61440K, 0% used [0x00000000f6580000,0x00000000f6580000,0x00000000fa180000)
 ParOldGen       total 430592K, used 116246K [0x0000000080000000, 0x000000009a480000, 0x00000000d5580000)
  object space 430592K, 26% used [0x0000000080000000,0x0000000087185aa8,0x000000009a480000)
 Metaspace       used 105328K, capacity 111842K, committed 112000K, reserved 1146880K
  class space    used 14214K, capacity 15404K, committed 15488K, reserved 1048576K
GC Heap History (10 events):
Event: 5.781 GC heap before
{Heap before GC invocations=13 (full 3):
 PSYoungGen      total 353792K, used 204630K [0x00000000d5580000, 0x00000000ef100000, 0x0000000100000000)
  eden space 325632K, 55% used [0x00000000d5580000,0x00000000e06fc418,0x00000000e9380000)
  from space 28160K, 81% used [0x00000000e9380000,0x00000000ea9d95a8,0x00000000eaf00000)
  to   space 30208K, 0% used [0x00000000ed380000,0x00000000ed380000,0x00000000ef100000)
 ParOldGen       total 300032K, used 39747K [0x0000000080000000, 0x0000000092500000, 0x00000000d5580000)
  object space 300032K, 13% used [0x0000000080000000,0x00000000826d0fa8,0x0000000092500000)
 Metaspace       used 92625K, capacity 98496K, committed 98560K, reserved 1134592K
  class space    used 12624K, capacity 13661K, committed 13696K, reserved 1048576K
Event: 5.797 GC heap after
Heap after GC invocations=13 (full 3):
 PSYoungGen      total 385536K, used 30207K [0x00000000d5580000, 0x00000000f0980000, 0x0000000100000000)
  eden space 355328K, 0% used [0x00000000d5580000,0x00000000d5580000,0x00000000eb080000)
  from space 30208K, 99% used [0x00000000ed380000,0x00000000ef0ffe68,0x00000000ef100000)
  to   space 35840K, 0% used [0x00000000eb080000,0x00000000eb080000,0x00000000ed380000)
 ParOldGen       total 300032K, used 44340K [0x0000000080000000, 0x0000000092500000, 0x00000000d5580000)
  object space 300032K, 14% used [0x0000000080000000,0x0000000082b4d3c8,0x0000000092500000)
 Metaspace       used 92625K, capacity 98496K, committed 98560K, reserved 1134592K
  class space    used 12624K, capacity 13661K, committed 13696K, reserved 1048576K
}
Event: 5.797 GC heap before
{Heap before GC invocations=14 (full 4):
 PSYoungGen      total 385536K, used 30207K [0x00000000d5580000, 0x00000000f0980000, 0x0000000100000000)
  eden space 355328K, 0% used [0x00000000d5580000,0x00000000d5580000,0x00000000eb080000)
  from space 30208K, 99% used [0x00000000ed380000,0x00000000ef0ffe68,0x00000000ef100000)
  to   space 35840K, 0% used [0x00000000eb080000,0x00000000eb080000,0x00000000ed380000)
 ParOldGen       total 300032K, used 44340K [0x0000000080000000, 0x0000000092500000, 0x00000000d5580000)
  object space 300032K, 14% used [0x0000000080000000,0x0000000082b4d3c8,0x0000000092500000)
 Metaspace       used 92625K, capacity 98496K, committed 98560K, reserved 1134592K
  class space    used 12624K, capacity 13661K, committed 13696K, reserved 1048576K
Event: 5.881 GC heap after
Heap after GC invocations=14 (full 4):
 PSYoungGen      total 385536K, used 0K [0x00000000d5580000, 0x00000000f0980000, 0x0000000100000000)
  eden space 355328K, 0% used [0x00000000d5580000,0x00000000d5580000,0x00000000eb080000)
  from space 30208K, 0% used [0x00000000ed380000,0x00000000ed380000,0x00000000ef100000)
  to   space 35840K, 0% used [0x00000000eb080000,0x00000000eb080000,0x00000000ed380000)
 ParOldGen       total 430592K, used 59089K [0x0000000080000000, 0x000000009a480000, 0x00000000d5580000)
  object space 430592K, 13% used [0x0000000080000000,0x00000000839b4740,0x000000009a480000)
 Metaspace       used 91781K, capacity 96042K, committed 98560K, reserved 1134592K
  class space    used 12349K, capacity 13188K, committed 13696K, reserved 1048576K
}
Event: 17.247 GC heap before
{Heap before GC invocations=15 (full 4):
 PSYoungGen      total 385536K, used 355328K [0x00000000d5580000, 0x00000000f0980000, 0x0000000100000000)
  eden space 355328K, 100% used [0x00000000d5580000,0x00000000eb080000,0x00000000eb080000)
  from space 30208K, 0% used [0x00000000ed380000,0x00000000ed380000,0x00000000ef100000)
  to   space 35840K, 0% used [0x00000000eb080000,0x00000000eb080000,0x00000000ed380000)
 ParOldGen       total 430592K, used 59089K [0x0000000080000000, 0x000000009a480000, 0x00000000d5580000)
  object space 430592K, 13% used [0x0000000080000000,0x00000000839b4740,0x000000009a480000)
 Metaspace       used 96894K, capacity 101722K, committed 103296K, reserved 1138688K
  class space    used 12968K, capacity 13880K, committed 14208K, reserved 1048576K
Event: 17.257 GC heap after
Heap after GC invocations=15 (full 4):
 PSYoungGen      total 391168K, used 17463K [0x00000000d5580000, 0x00000000f2100000, 0x0000000100000000)
  eden space 355328K, 0% used [0x00000000d5580000,0x00000000d5580000,0x00000000eb080000)
  from space 35840K, 48% used [0x00000000eb080000,0x00000000ec18dd08,0x00000000ed380000)
  to   space 33792K, 0% used [0x00000000f0000000,0x00000000f0000000,0x00000000f2100000)
 ParOldGen       total 430592K, used 59097K [0x0000000080000000, 0x000000009a480000, 0x00000000d5580000)
  object space 430592K, 13% used [0x0000000080000000,0x00000000839b6740,0x000000009a480000)
 Metaspace       used 96894K, capacity 101722K, committed 103296K, reserved 1138688K
  class space    used 12968K, capacity 13880K, committed 14208K, reserved 1048576K
}
Event: 17.611 GC heap before
{Heap before GC invocations=16 (full 4):
 PSYoungGen      total 391168K, used 372791K [0x00000000d5580000, 0x00000000f2100000, 0x0000000100000000)
  eden space 355328K, 100% used [0x00000000d5580000,0x00000000eb080000,0x00000000eb080000)
  from space 35840K, 48% used [0x00000000eb080000,0x00000000ec18dd08,0x00000000ed380000)
  to   space 33792K, 0% used [0x00000000f0000000,0x00000000f0000000,0x00000000f2100000)
 ParOldGen       total 430592K, used 59097K [0x0000000080000000, 0x000000009a480000, 0x00000000d5580000)
  object space 430592K, 13% used [0x0000000080000000,0x00000000839b6740,0x000000009a480000)
 Metaspace       used 101686K, capacity 107642K, committed 107904K, reserved 1142784K
  class space    used 13811K, capacity 14900K, committed 14976K, reserved 1048576K
Event: 17.657 GC heap after
Heap after GC invocations=16 (full 4):
 PSYoungGen      total 411136K, used 33789K [0x00000000d5580000, 0x00000000f8000000, 0x0000000100000000)
  eden space 377344K, 0% used [0x00000000d5580000,0x00000000d5580000,0x00000000ec600000)
  from space 33792K, 99% used [0x00000000f0000000,0x00000000f20ff520,0x00000000f2100000)
  to   space 59392K, 0% used [0x00000000ec600000,0x00000000ec600000,0x00000000f0000000)
 ParOldGen       total 430592K, used 116238K [0x0000000080000000, 0x000000009a480000, 0x00000000d5580000)
  object space 430592K, 26% used [0x0000000080000000,0x0000000087183aa8,0x000000009a480000)
 Metaspace       used 101686K, capacity 107642K, committed 107904K, reserved 1142784K
  class space    used 13811K, capacity 14900K, committed 14976K, reserved 1048576K
}
Event: 18.187 GC heap before
{Heap before GC invocations=17 (full 4):
 PSYoungGen      total 411136K, used 411133K [0x00000000d5580000, 0x00000000f8000000, 0x0000000100000000)
  eden space 377344K, 100% used [0x00000000d5580000,0x00000000ec600000,0x00000000ec600000)
  from space 33792K, 99% used [0x00000000f0000000,0x00000000f20ff520,0x00000000f2100000)
  to   space 59392K, 0% used [0x00000000ec600000,0x00000000ec600000,0x00000000f0000000)
 ParOldGen       total 430592K, used 116238K [0x0000000080000000, 0x000000009a480000, 0x00000000d5580000)
  object space 430592K, 26% used [0x0000000080000000,0x0000000087183aa8,0x000000009a480000)
 Metaspace       used 105214K, capacity 111710K, committed 112000K, reserved 1146880K
  class space    used 14213K, capacity 15404K, committed 15488K, reserved 1048576K
Event: 18.213 GC heap after
Heap after GC invocations=17 (full 4):
 PSYoungGen      total 436736K, used 39967K [0x00000000d5580000, 0x00000000fa180000, 0x0000000100000000)
  eden space 377344K, 0% used [0x00000000d5580000,0x00000000d5580000,0x00000000ec600000)
  from space 59392K, 67% used [0x00000000ec600000,0x00000000eed07fa0,0x00000000f0000000)
  to   space 61440K, 0% used [0x00000000f6580000,0x00000000f6580000,0x00000000fa180000)
 ParOldGen       total 430592K, used 116246K [0x0000000080000000, 0x000000009a480000, 0x00000000d5580000)
  object space 430592K, 26% used [0x0000000080000000,0x0000000087185aa8,0x000000009a480000)
 Metaspace       used 105214K, capacity 111710K, committed 112000K, reserved 1146880K
  class space    used 14213K, capacity 15404K, committed 15488K, reserved 1048576K
}

